<?xml version="1.0" encoding="UTF-8"?>
<!-- Generated by org.testng.reporters.JUnitReportReporter -->
<testsuite hostname="intel-PC" failures="0" tests="1" name="TestCases.TC_AccountPage_003" time="78.451" errors="0" timestamp="2021-06-03T15:47:14 IST" skipped="0">
  <testcase classname="TestCases.TC_AccountPage_003" name="AccountPgTest" time="78.451"/>
  <system-out/>
</testsuite> <!-- TestCases.TC_AccountPage_003 -->
