<?xml version="1.0" encoding="UTF-8"?>
<!-- Generated by org.testng.reporters.JUnitReportReporter -->
<testsuite hostname="intel-PC" failures="0" tests="1" name="TestCases.TC_HomePage_002" time="34.332" errors="0" timestamp="2021-06-01T13:05:05 IST" skipped="0">
  <testcase classname="TestCases.TC_HomePage_002" name="homePageTest" time="34.332"/>
  <system-out/>
</testsuite> <!-- TestCases.TC_HomePage_002 -->
