<?xml version="1.0" encoding="UTF-8"?>
<!-- Generated by org.testng.reporters.JUnitReportReporter -->
<testsuite hostname="intel-PC" failures="0" tests="1" name="TestCases.TC_LoginPage_001" time="38.340" errors="0" timestamp="2021-06-01T11:39:47 IST" skipped="0">
  <testcase classname="TestCases.TC_LoginPage_001" name="loginPgTest" time="38.340"/>
  <system-out/>
</testsuite> <!-- TestCases.TC_LoginPage_001 -->
