<?xml version="1.0" encoding="UTF-8"?>
<!-- Generated by org.testng.reporters.JUnitReportReporter -->
<testsuite hostname="intel-PC" failures="0" tests="2" name="com.crm.qa.test.BeforeLoginPageTest" time="86.861" errors="0" timestamp="2021-05-27T14:43:33 IST" skipped="0">
  <testcase classname="com.crm.qa.test.BeforeLoginPageTest" name="loginPageTitleTest" time="47.121"/>
  <system-out/>
  <testcase classname="com.crm.qa.test.BeforeLoginPageTest" name="loginTest" time="39.740"/>
  <system-out/>
</testsuite> <!-- com.crm.qa.test.BeforeLoginPageTest -->
