<?xml version="1.0" encoding="UTF-8"?>
<!-- Generated by org.testng.reporters.JUnitReportReporter -->
<testsuite hostname="intel-PC" failures="0" tests="1" name="com.iNetBanking.TestCases.TC_HomePageTest_03" time="8.714" errors="0" timestamp="2021-05-29T17:23:15 IST" skipped="0">
  <testcase classname="com.iNetBanking.TestCases.TC_HomePageTest_03" name="homePageTest" time="8.714"/>
  <system-out/>
</testsuite> <!-- com.iNetBanking.TestCases.TC_HomePageTest_03 -->
