<?xml version="1.0" encoding="UTF-8"?>
<!-- Generated by org.testng.reporters.JUnitReportReporter -->
<testsuite hostname="intel-PC" failures="0" tests="6" name="ui.AccountTestCases" time="0.034" errors="0" timestamp="2021-05-24T20:23:47 IST" skipped="0">
  <testcase classname="ui.AccountTestCases" name="testData1" time="0.004"/>
  <system-out/>
  <testcase classname="ui.AccountTestCases" name="testData2" time="0.004"/>
  <system-out/>
  <testcase classname="ui.AccountTestCases" name="testData1" time="0.003"/>
  <system-out/>
  <testcase classname="ui.AccountTestCases" name="testData1" time="0.004"/>
  <system-out/>
  <testcase classname="ui.AccountTestCases" name="testData2" time="0.003"/>
  <system-out/>
  <testcase classname="ui.AccountTestCases" name="testData1" time="0.016"/>
  <system-out/>
</testsuite> <!-- ui.AccountTestCases -->
