<?xml version="1.0" encoding="UTF-8"?>
<!-- Generated by org.testng.reporters.JUnitReportReporter -->
<testsuite hostname="intel-PC" failures="0" tests="3" name="ui.SkipDemoTest" time="0.025" errors="0" timestamp="2021-05-24T15:44:12 IST" skipped="3">
  <testcase classname="ui.SkipDemoTest" name="aTest3" time="0.003">
    <skipped/>
  </testcase> <!-- aTest3 -->
  <system-out/>
  <testcase classname="ui.SkipDemoTest" name="aTest2" time="0.022">
    <skipped/>
  </testcase> <!-- aTest2 -->
  <system-out/>
  <testcase classname="ui.SkipDemoTest" name="aTest1">
    <skipped/>
  </testcase> <!-- aTest1 -->
  <system-out/>
</testsuite> <!-- ui.SkipDemoTest -->
