<?xml version="1.0" encoding="UTF-8"?>
<!-- Generated by org.testng.reporters.JUnitReportReporter -->
<testsuite hostname="intel-PC" failures="0" tests="5" name="ui.DataProviderDemo" time="0.042" errors="0" timestamp="2021-05-24T17:52:50 IST" skipped="0">
  <testcase classname="ui.DataProviderDemo" name="test" time="0.008"/>
  <system-out/>
  <testcase classname="ui.DataProviderDemo" name="test1" time="0.010"/>
  <system-out/>
  <testcase classname="ui.DataProviderDemo" name="test" time="0.015"/>
  <system-out/>
  <testcase classname="ui.DataProviderDemo" name="test" time="0.004"/>
  <system-out/>
  <testcase classname="ui.DataProviderDemo" name="test1" time="0.005"/>
  <system-out/>
</testsuite> <!-- ui.DataProviderDemo -->
