<?xml version="1.0" encoding="UTF-8"?>
<!-- Generated by org.testng.reporters.JUnitReportReporter -->
<testsuite hostname="intel-PC" failures="0" tests="4" name="ui.DataProviderDemo2" time="70.658" errors="0" timestamp="2021-05-24T18:36:26 IST" skipped="0">
  <testcase classname="ui.DataProviderDemo2" name="test1" time="20.356"/>
  <system-out/>
  <testcase classname="ui.DataProviderDemo2" name="test1" time="13.629"/>
  <system-out/>
  <testcase classname="ui.DataProviderDemo2" name="test1" time="16.930"/>
  <system-out/>
  <testcase classname="ui.DataProviderDemo2" name="test1" time="19.743"/>
  <system-out/>
</testsuite> <!-- ui.DataProviderDemo2 -->
