<?xml version="1.0" encoding="UTF-8"?>
<!-- Generated by org.testng.reporters.JUnitReportReporter -->
<testsuite hostname="intel-PC" failures="0" tests="2" name="ui.LoginTest" time="0.022" errors="0" timestamp="2021-05-24T15:00:48 IST" skipped="0">
  <testcase classname="ui.LoginTest" name="aTest1" time="0.017"/>
  <system-out/>
  <testcase classname="ui.LoginTest" name="aTest2" time="0.005"/>
  <system-out/>
</testsuite> <!-- ui.LoginTest -->
