<?xml version="1.0" encoding="UTF-8"?>
<!-- Generated by org.testng.reporters.JUnitReportReporter -->
<testsuite hostname="intel-PC" failures="0" tests="1" name="ui.TestDataFromXml" time="21.382" errors="0" timestamp="2021-05-24T21:13:40 IST" skipped="0">
  <testcase classname="ui.TestDataFromXml" name="testSwag" time="21.382"/>
  <system-out/>
</testsuite> <!-- ui.TestDataFromXml -->
